<?xml version="1.0" encoding="UTF-8"?>
<!-- Generated by org.testng.reporters.JUnitXMLReporter -->
<testsuite ignored="0" hostname="DESKTOP-H54IS1T" failures="0" tests="3" name="Test1" time="7.867" errors="0" timestamp="2024-07-18T13:00:15 IST">
  <testcase classname="com.staragile.HomePageTest" name="VerifyURL" time="0.015"/>
  <testcase classname="com.staragile.HomePageTest" name="VerifyTitle" time="0.017"/>
  <testcase classname="com.staragile.HomePageTest" name="ValidateSignInLink" time="1.027"/>
</testsuite> <!-- Test1 -->
