<?xml version="1.0" encoding="UTF-8"?>
<!-- Generated by org.testng.reporters.JUnitXMLReporter -->
<testsuite ignored="0" hostname="DESKTOP-H54IS1T" failures="0" tests="3" name="Test1" time="13.323" errors="0" timestamp="2024-07-28T21:40:54 IST">
  <testcase classname="com.staragile.HomePageTest" name="VerifyURL" time="0.01"/>
  <testcase classname="com.staragile.HomePageTest" name="VerifyTitle" time="0.035"/>
  <testcase classname="com.staragile.HomePageTest" name="ValidateSignInLink" time="2.196"/>
</testsuite> <!-- Test1 -->
