<?xml version="1.0" encoding="UTF-8"?>
<testng-results ignored="0" total="4" passed="4" failed="0" skipped="0">
  <reporter-output>
    <line>
      <![CDATA[TestPass]]>
    </line>
    <line>
      <![CDATA[TestPass, URL Matched]]>
    </line>
    <line>
      <![CDATA[url matched successfully]]>
    </line>
    <line>
      <![CDATA[link match ans pass]]>
    </line>
  </reporter-output>
  <suite started-at="2024-07-28T13:33:11 IST" name="Suite" finished-at="2024-07-28T13:34:10 IST" duration-ms="58673">
    <groups>
    </groups>
    <test started-at="2024-07-28T13:33:11 IST" name="Test" finished-at="2024-07-28T13:33:53 IST" duration-ms="42062">
      <class name="com.staragile.LoginPageTestCase">
        <test-method is-config="true" signature="Setup()[pri:0, instance:com.staragile.LoginPageTestCase@3d74bf60]" started-at="2024-07-28T13:33:11 IST" name="Setup" finished-at="2024-07-28T13:33:48 IST" duration-ms="37139" status="PASS">
          <reporter-output>
          </reporter-output>
        </test-method> <!-- Setup -->
        <test-method is-config="true" signature="pagesetup()[pri:0, instance:com.staragile.LoginPageTestCase@3d74bf60]" started-at="2024-07-28T13:33:48 IST" name="pagesetup" finished-at="2024-07-28T13:33:51 IST" duration-ms="2503" status="PASS">
          <reporter-output>
          </reporter-output>
        </test-method> <!-- pagesetup -->
        <test-method signature="ValidateLogin()[pri:0, instance:com.staragile.LoginPageTestCase@3d74bf60]" started-at="2024-07-28T13:33:51 IST" name="ValidateLogin" finished-at="2024-07-28T13:33:53 IST" duration-ms="2331" status="PASS">
          <reporter-output>
            <line>
              <![CDATA[TestPass]]>
            </line>
          </reporter-output>
        </test-method> <!-- ValidateLogin -->
      </class> <!-- com.staragile.LoginPageTestCase -->
    </test> <!-- Test -->
    <test started-at="2024-07-28T13:33:53 IST" name="Test1" finished-at="2024-07-28T13:34:10 IST" duration-ms="16286">
      <class name="com.staragile.HomePageTest">
        <test-method is-config="true" signature="Setup()[pri:0, instance:com.staragile.HomePageTest@4d9e68d0]" started-at="2024-07-28T13:33:53 IST" name="Setup" finished-at="2024-07-28T13:34:07 IST" duration-ms="13479" status="PASS">
          <reporter-output>
          </reporter-output>
        </test-method> <!-- Setup -->
        <test-method signature="VerifyURL()[pri:1, instance:com.staragile.HomePageTest@4d9e68d0]" started-at="2024-07-28T13:34:07 IST" name="VerifyURL" finished-at="2024-07-28T13:34:08 IST" duration-ms="936" status="PASS">
          <reporter-output>
            <line>
              <![CDATA[TestPass, URL Matched]]>
            </line>
          </reporter-output>
        </test-method> <!-- VerifyURL -->
        <test-method signature="VerifyTitle()[pri:2, instance:com.staragile.HomePageTest@4d9e68d0]" started-at="2024-07-28T13:34:08 IST" name="VerifyTitle" finished-at="2024-07-28T13:34:08 IST" duration-ms="45" status="PASS">
          <reporter-output>
            <line>
              <![CDATA[url matched successfully]]>
            </line>
          </reporter-output>
        </test-method> <!-- VerifyTitle -->
        <test-method signature="ValidateSignInLink()[pri:3, instance:com.staragile.HomePageTest@4d9e68d0]" started-at="2024-07-28T13:34:08 IST" name="ValidateSignInLink" finished-at="2024-07-28T13:34:10 IST" duration-ms="1801" status="PASS">
          <reporter-output>
            <line>
              <![CDATA[link match ans pass]]>
            </line>
          </reporter-output>
        </test-method> <!-- ValidateSignInLink -->
      </class> <!-- com.staragile.HomePageTest -->
    </test> <!-- Test1 -->
  </suite> <!-- Suite -->
</testng-results>
