<?xml version="1.0" encoding="UTF-8"?>
<testng-results ignored="0" total="3" passed="3" failed="0" skipped="0">
  <reporter-output>
  </reporter-output>
  <suite started-at="2024-07-19T08:09:14 IST" name="Suite" finished-at="2024-07-19T08:10:20 IST" duration-ms="65867">
    <groups>
    </groups>
    <test started-at="2024-07-19T08:09:14 IST" name="chromeTest" finished-at="2024-07-19T08:09:39 IST" duration-ms="25492">
      <class name="seleniumGrid.ParallelTest">
        <test-method signature="crossBrowserTesting(java.lang.String)[pri:0, instance:seleniumGrid.ParallelTest@73a1e9a9]" started-at="2024-07-19T08:09:14 IST" name="crossBrowserTesting" finished-at="2024-07-19T08:09:39 IST" duration-ms="25411" status="PASS">
          <params>
            <param index="0">
              <value>
                <![CDATA[Chrome]]>
              </value>
            </param>
          </params>
          <reporter-output>
          </reporter-output>
        </test-method> <!-- crossBrowserTesting -->
      </class> <!-- seleniumGrid.ParallelTest -->
    </test> <!-- chromeTest -->
    <test started-at="2024-07-19T08:09:14 IST" name="edgeTest" finished-at="2024-07-19T08:09:49 IST" duration-ms="35659">
      <class name="seleniumGrid.ParallelTest">
        <test-method signature="crossBrowserTesting(java.lang.String)[pri:0, instance:seleniumGrid.ParallelTest@4802796d]" started-at="2024-07-19T08:09:14 IST" name="crossBrowserTesting" finished-at="2024-07-19T08:09:49 IST" duration-ms="35582" status="PASS">
          <params>
            <param index="0">
              <value>
                <![CDATA[Edge]]>
              </value>
            </param>
          </params>
          <reporter-output>
          </reporter-output>
        </test-method> <!-- crossBrowserTesting -->
      </class> <!-- seleniumGrid.ParallelTest -->
    </test> <!-- edgeTest -->
    <test started-at="2024-07-19T08:09:14 IST" name="firefoxTest" finished-at="2024-07-19T08:10:20 IST" duration-ms="65867">
      <class name="seleniumGrid.ParallelTest">
        <test-method signature="crossBrowserTesting(java.lang.String)[pri:0, instance:seleniumGrid.ParallelTest@3a93b025]" started-at="2024-07-19T08:09:14 IST" name="crossBrowserTesting" finished-at="2024-07-19T08:10:20 IST" duration-ms="65796" status="PASS">
          <params>
            <param index="0">
              <value>
                <![CDATA[Firefox]]>
              </value>
            </param>
          </params>
          <reporter-output>
          </reporter-output>
        </test-method> <!-- crossBrowserTesting -->
      </class> <!-- seleniumGrid.ParallelTest -->
    </test> <!-- firefoxTest -->
  </suite> <!-- Suite -->
</testng-results>
